[debug] [2025-12-18T06:24:55.136Z] ----------------------------------------------------------------------
[debug] [2025-12-18T06:24:55.139Z] Command:       /nix/store/ws50yvm6vzlzf7jzz6n7xh4szddrack1-nodejs-20.19.1/bin/node /home/user/.global_modules/bin/firebase init
[debug] [2025-12-18T06:24:55.140Z] CLI Version:   15.0.0
[debug] [2025-12-18T06:24:55.140Z] Platform:      linux
[debug] [2025-12-18T06:24:55.140Z] Node Version:  v20.19.1
[debug] [2025-12-18T06:24:55.140Z] Time:          Thu Dec 18 2025 06:24:55 GMT+0000 (Coordinated Universal Time)
[debug] [2025-12-18T06:24:55.141Z] ----------------------------------------------------------------------
[debug] 
[debug] [2025-12-18T06:24:55.144Z] >>> [apiv2][query] GET https://firebase-public.firebaseio.com/cli.json [none]
[debug] [2025-12-18T06:24:56.513Z] No OAuth tokens found
[debug] [2025-12-18T06:24:56.514Z] No OAuth tokens found
[error] Failed to fetch Firebase Project from current Studio Workspace: Unable to refresh auth: not yet authenticated.
[info] 
     ######## #### ########  ######## ########     ###     ######  ########
     ##        ##  ##     ## ##       ##     ##  ##   ##  ##       ##
     ######    ##  ########  ######   ########  #########  ######  ######
     ##        ##  ##    ##  ##       ##     ## ##     ##       ## ##
     ##       #### ##     ## ######## ########  ##     ##  ######  ########

You're about to initialize a Firebase project in this directory:

  /home/user/Gestion-cotisations-apee-ces-ekali1

[debug] [2025-12-18T06:24:57.334Z] <<< [apiv2][status] GET https://firebase-public.firebaseio.com/cli.json 200
[debug] [2025-12-18T06:24:57.335Z] <<< [apiv2][body] GET https://firebase-public.firebaseio.com/cli.json {"cloudBuildErrorAfter":1594252800000,"cloudBuildWarnAfter":1590019200000,"defaultNode10After":1594252800000,"minVersion":"3.0.5","node8DeploysDisabledAfter":1613390400000,"node8RuntimeDisabledAfter":1615809600000,"node8WarnAfter":1600128000000}
